\BOOKMARK [0][-]{chapter.1}{Was ist K\374nstliche Intelligenz?}{}% 1
\BOOKMARK [0][-]{chapter.2}{Geschichte der KI - Der Traum vom mechanischen Helferlein}{}% 2
\BOOKMARK [0][-]{chapter.3}{Arten der K\374nstlichen Intelligenz - Starke versus Schwache KI}{}% 3
\BOOKMARK [1][-]{section.3.1}{Schwache KI}{chapter.3}% 4
\BOOKMARK [1][-]{section.3.2}{Starke KI}{chapter.3}% 5
\BOOKMARK [0][-]{chapter.4}{Technische Grundlagen}{}% 6
\BOOKMARK [1][-]{section.4.1}{Wie funktioniert eine k\374nstliche Intelligenz?}{chapter.4}% 7
\BOOKMARK [1][-]{section.4.2}{Datasets}{chapter.4}% 8
\BOOKMARK [1][-]{section.4.3}{Maschinelles Lernen}{chapter.4}% 9
\BOOKMARK [1][-]{section.4.4}{ Beaufsichtigtes Lernen \(Supervised Learning\) }{chapter.4}% 10
\BOOKMARK [1][-]{section.4.5}{Unbeaufsichtigtes Lernen \(Unsupervised Learning\) }{chapter.4}% 11
\BOOKMARK [0][-]{chapter.5}{Einsatzgebiete und Anwendungsf\344lle}{}% 12
\BOOKMARK [1][-]{section.5.1}{Effiziente Budget-Aussch\366pfung im Einkauf}{chapter.5}% 13
\BOOKMARK [1][-]{section.5.2}{}{chapter.5}% 14
\BOOKMARK [1][-]{section.5.3}{}{chapter.5}% 15
\BOOKMARK [1][-]{section.5.4}{}{chapter.5}% 16
\BOOKMARK [0][-]{chapter.6}{Gedankenexperimente}{}% 17
\BOOKMARK [1][-]{section.6.1}{Turing Test - Das Nachahmungs-Spiel \(The Imitatione Game\) }{chapter.6}% 18
\BOOKMARK [1][-]{section.6.2}{Das Chinesische Zimmer}{chapter.6}% 19
\BOOKMARK [0][-]{chapter.7}{Schlussbermerkung}{}% 20
